2025-02-21 17:00:58,350 INFO [main] o.s.t.c.s.AnnotationConfigContextLoaderUtils [AnnotationConfigContextLoaderUtils.java:83] Could not detect default configuration classes for test class [com.ein.agriculture_predictor.AgriculturePredictorApplicationTests]: AgriculturePredictorApplicationTests does not declare any static, non-private, non-final, nested classes annotated with @Configuration.
2025-02-21 17:00:58,413 INFO [main] o.s.b.t.c.SpringBootTestContextBootstrapper [SpringBootTestContextBootstrapper.java:234] Found @SpringBootConfiguration com.ein.agriculture_predictor.AgriculturePredictorApplication for test class com.ein.agriculture_predictor.AgriculturePredictorApplicationTests
2025-02-21 17:00:58,629 INFO [main] c.e.a.AgriculturePredictorApplicationTests [StartupInfoLogger.java:53] Starting AgriculturePredictorApplicationTests using Java 21.0.4 with PID 26892 (started by rober in C:\Projects\AgricultureDataWebTool\api\agriculture-predictor)
2025-02-21 17:00:58,630 INFO [main] c.e.a.AgriculturePredictorApplicationTests [SpringApplication.java:652] No active profile set, falling back to 1 default profile: "default"
2025-02-21 17:00:59,014 INFO [main] o.s.d.r.c.RepositoryConfigurationDelegate [RepositoryConfigurationDelegate.java:143] Bootstrapping Spring Data JPA repositories in DEFAULT mode.
2025-02-21 17:00:59,039 INFO [main] o.s.d.r.c.RepositoryConfigurationDelegate [RepositoryConfigurationDelegate.java:211] Finished Spring Data repository scanning in 18 ms. Found 1 JPA repository interface.
2025-02-21 17:00:59,396 INFO [main] o.h.j.i.u.LogHelper [LogHelper.java:31] HHH000204: Processing PersistenceUnitInfo [name: default]
2025-02-21 17:00:59,448 INFO [main] o.h.Version [Version.java:44] HHH000412: Hibernate ORM core version 7.0.0.Beta1
2025-02-21 17:00:59,689 INFO [main] o.s.o.j.p.SpringPersistenceUnitInfo [SpringPersistenceUnitInfo.java:87] No LoadTimeWeaver setup: ignoring JPA class transformer
2025-02-21 17:00:59,809 INFO [main] c.z.h.HikariDataSource [HikariDataSource.java:109] HikariPool-1 - Starting...
2025-02-21 17:00:59,862 INFO [main] c.z.h.p.HikariPool [HikariPool.java:554] HikariPool-1 - Added connection org.sqlite.jdbc4.JDBC4Connection@54b2d002
2025-02-21 17:00:59,863 INFO [main] c.z.h.HikariDataSource [HikariDataSource.java:122] HikariPool-1 - Start completed.
2025-02-21 17:00:59,885 INFO [main] o.h.o.c.pooling [JdbcEnvironmentInitiator.java:169] HHH10001005: Database info:
	Database JDBC URL [Connecting through datasourcenull]
	Database driver: undefined/unknown
	Database version: 3.25.2
	Autocommit mode: undefined/unknown
	Isolation level: undefined/unknown
	Minimum pool size: undefined/unknown
	Maximum pool size: undefined/unknown
2025-02-21 17:01:00,299 INFO [main] o.h.e.t.j.p.i.JtaPlatformInitiator [JtaPlatformInitiator.java:59] HHH000489: No JTA platform available (set 'hibernate.transaction.jta.platform' to enable JTA platform integration)
2025-02-21 17:01:00,316 INFO [main] o.s.o.j.LocalContainerEntityManagerFactoryBean [AbstractEntityManagerFactoryBean.java:447] Initialized JPA EntityManagerFactory for persistence unit 'default'
2025-02-21 17:01:00,594 WARN [main] o.s.b.a.o.j.JpaBaseConfiguration$JpaWebConfiguration [JpaBaseConfiguration.java:241] spring.jpa.open-in-view is enabled by default. Therefore, database queries may be performed during view rendering. Explicitly configure spring.jpa.open-in-view to disable this warning
2025-02-21 17:01:01,102 INFO [main] c.e.a.AgriculturePredictorApplicationTests [StartupInfoLogger.java:59] Started AgriculturePredictorApplicationTests in 2.607 seconds (process running for 3.327)
2025-02-21 17:01:01,725 INFO [SpringApplicationShutdownHook] o.s.o.j.LocalContainerEntityManagerFactoryBean [AbstractEntityManagerFactoryBean.java:660] Closing JPA EntityManagerFactory for persistence unit 'default'
2025-02-21 17:01:01,729 INFO [SpringApplicationShutdownHook] c.z.h.HikariDataSource [HikariDataSource.java:349] HikariPool-1 - Shutdown initiated...
2025-02-21 17:01:01,733 INFO [SpringApplicationShutdownHook] c.z.h.HikariDataSource [HikariDataSource.java:351] HikariPool-1 - Shutdown completed.
2025-02-21 17:01:59,948 INFO [main] o.s.t.c.s.AnnotationConfigContextLoaderUtils [AnnotationConfigContextLoaderUtils.java:83] Could not detect default configuration classes for test class [com.ein.agriculture_predictor.AgriculturePredictorApplicationTests]: AgriculturePredictorApplicationTests does not declare any static, non-private, non-final, nested classes annotated with @Configuration.
2025-02-21 17:02:00,014 INFO [main] o.s.b.t.c.SpringBootTestContextBootstrapper [SpringBootTestContextBootstrapper.java:234] Found @SpringBootConfiguration com.ein.agriculture_predictor.AgriculturePredictorApplication for test class com.ein.agriculture_predictor.AgriculturePredictorApplicationTests
2025-02-21 17:02:00,242 INFO [main] c.e.a.AgriculturePredictorApplicationTests [StartupInfoLogger.java:53] Starting AgriculturePredictorApplicationTests using Java 21.0.4 with PID 37596 (started by rober in C:\Projects\AgricultureDataWebTool\api\agriculture-predictor)
2025-02-21 17:02:00,243 INFO [main] c.e.a.AgriculturePredictorApplicationTests [SpringApplication.java:652] No active profile set, falling back to 1 default profile: "default"
2025-02-21 17:02:00,657 INFO [main] o.s.d.r.c.RepositoryConfigurationDelegate [RepositoryConfigurationDelegate.java:143] Bootstrapping Spring Data JPA repositories in DEFAULT mode.
2025-02-21 17:02:00,685 INFO [main] o.s.d.r.c.RepositoryConfigurationDelegate [RepositoryConfigurationDelegate.java:211] Finished Spring Data repository scanning in 20 ms. Found 1 JPA repository interface.
2025-02-21 17:02:01,065 INFO [main] o.h.j.i.u.LogHelper [LogHelper.java:31] HHH000204: Processing PersistenceUnitInfo [name: default]
2025-02-21 17:02:01,118 INFO [main] o.h.Version [Version.java:44] HHH000412: Hibernate ORM core version 7.0.0.Beta1
2025-02-21 17:02:01,397 INFO [main] o.s.o.j.p.SpringPersistenceUnitInfo [SpringPersistenceUnitInfo.java:87] No LoadTimeWeaver setup: ignoring JPA class transformer
2025-02-21 17:02:01,519 INFO [main] c.z.h.HikariDataSource [HikariDataSource.java:109] HikariPool-1 - Starting...
2025-02-21 17:02:01,569 INFO [main] c.z.h.p.HikariPool [HikariPool.java:554] HikariPool-1 - Added connection org.sqlite.jdbc4.JDBC4Connection@46d69ca4
2025-02-21 17:02:01,570 INFO [main] c.z.h.HikariDataSource [HikariDataSource.java:122] HikariPool-1 - Start completed.
2025-02-21 17:02:01,594 INFO [main] o.h.o.c.pooling [JdbcEnvironmentInitiator.java:169] HHH10001005: Database info:
	Database JDBC URL [Connecting through datasourcenull]
	Database driver: undefined/unknown
	Database version: 3.25.2
	Autocommit mode: undefined/unknown
	Isolation level: undefined/unknown
	Minimum pool size: undefined/unknown
	Maximum pool size: undefined/unknown
2025-02-21 17:02:01,989 INFO [main] o.h.e.t.j.p.i.JtaPlatformInitiator [JtaPlatformInitiator.java:59] HHH000489: No JTA platform available (set 'hibernate.transaction.jta.platform' to enable JTA platform integration)
2025-02-21 17:02:02,005 INFO [main] o.s.o.j.LocalContainerEntityManagerFactoryBean [AbstractEntityManagerFactoryBean.java:447] Initialized JPA EntityManagerFactory for persistence unit 'default'
2025-02-21 17:02:02,300 WARN [main] o.s.b.a.o.j.JpaBaseConfiguration$JpaWebConfiguration [JpaBaseConfiguration.java:241] spring.jpa.open-in-view is enabled by default. Therefore, database queries may be performed during view rendering. Explicitly configure spring.jpa.open-in-view to disable this warning
2025-02-21 17:02:02,798 INFO [main] c.e.a.AgriculturePredictorApplicationTests [StartupInfoLogger.java:59] Started AgriculturePredictorApplicationTests in 2.696 seconds (process running for 3.403)
2025-02-21 17:02:03,517 INFO [SpringApplicationShutdownHook] o.s.o.j.LocalContainerEntityManagerFactoryBean [AbstractEntityManagerFactoryBean.java:660] Closing JPA EntityManagerFactory for persistence unit 'default'
2025-02-21 17:02:03,518 INFO [SpringApplicationShutdownHook] c.z.h.HikariDataSource [HikariDataSource.java:349] HikariPool-1 - Shutdown initiated...
2025-02-21 17:02:03,521 INFO [SpringApplicationShutdownHook] c.z.h.HikariDataSource [HikariDataSource.java:351] HikariPool-1 - Shutdown completed.
2025-02-21 17:04:18,507 INFO [main] o.s.t.c.s.AnnotationConfigContextLoaderUtils [AnnotationConfigContextLoaderUtils.java:83] Could not detect default configuration classes for test class [com.ein.agriculture_predictor.AgriculturePredictorApplicationTests]: AgriculturePredictorApplicationTests does not declare any static, non-private, non-final, nested classes annotated with @Configuration.
2025-02-21 17:04:18,567 INFO [main] o.s.b.t.c.SpringBootTestContextBootstrapper [SpringBootTestContextBootstrapper.java:234] Found @SpringBootConfiguration com.ein.agriculture_predictor.AgriculturePredictorApplication for test class com.ein.agriculture_predictor.AgriculturePredictorApplicationTests
2025-02-21 17:04:18,788 INFO [main] c.e.a.AgriculturePredictorApplicationTests [StartupInfoLogger.java:53] Starting AgriculturePredictorApplicationTests using Java 21.0.4 with PID 13356 (started by rober in C:\Projects\AgricultureDataWebTool\api\agriculture-predictor)
2025-02-21 17:04:18,788 INFO [main] c.e.a.AgriculturePredictorApplicationTests [SpringApplication.java:652] No active profile set, falling back to 1 default profile: "default"
2025-02-21 17:04:19,208 INFO [main] o.s.d.r.c.RepositoryConfigurationDelegate [RepositoryConfigurationDelegate.java:143] Bootstrapping Spring Data JPA repositories in DEFAULT mode.
2025-02-21 17:04:19,232 INFO [main] o.s.d.r.c.RepositoryConfigurationDelegate [RepositoryConfigurationDelegate.java:211] Finished Spring Data repository scanning in 18 ms. Found 1 JPA repository interface.
2025-02-21 17:04:19,606 INFO [main] o.h.j.i.u.LogHelper [LogHelper.java:31] HHH000204: Processing PersistenceUnitInfo [name: default]
2025-02-21 17:04:19,656 INFO [main] o.h.Version [Version.java:44] HHH000412: Hibernate ORM core version 7.0.0.Beta1
2025-02-21 17:04:19,924 INFO [main] o.s.o.j.p.SpringPersistenceUnitInfo [SpringPersistenceUnitInfo.java:87] No LoadTimeWeaver setup: ignoring JPA class transformer
2025-02-21 17:04:20,071 INFO [main] c.z.h.HikariDataSource [HikariDataSource.java:109] HikariPool-1 - Starting...
2025-02-21 17:04:20,128 INFO [main] c.z.h.p.HikariPool [HikariPool.java:554] HikariPool-1 - Added connection org.sqlite.jdbc4.JDBC4Connection@6614289a
2025-02-21 17:04:20,129 INFO [main] c.z.h.HikariDataSource [HikariDataSource.java:122] HikariPool-1 - Start completed.
2025-02-21 17:04:20,153 INFO [main] o.h.o.c.pooling [JdbcEnvironmentInitiator.java:169] HHH10001005: Database info:
	Database JDBC URL [Connecting through datasourcenull]
	Database driver: undefined/unknown
	Database version: 3.25.2
	Autocommit mode: undefined/unknown
	Isolation level: undefined/unknown
	Minimum pool size: undefined/unknown
	Maximum pool size: undefined/unknown
2025-02-21 17:04:20,546 INFO [main] o.h.e.t.j.p.i.JtaPlatformInitiator [JtaPlatformInitiator.java:59] HHH000489: No JTA platform available (set 'hibernate.transaction.jta.platform' to enable JTA platform integration)
2025-02-21 17:04:20,562 INFO [main] o.s.o.j.LocalContainerEntityManagerFactoryBean [AbstractEntityManagerFactoryBean.java:447] Initialized JPA EntityManagerFactory for persistence unit 'default'
2025-02-21 17:04:20,822 WARN [main] o.s.b.a.o.j.JpaBaseConfiguration$JpaWebConfiguration [JpaBaseConfiguration.java:241] spring.jpa.open-in-view is enabled by default. Therefore, database queries may be performed during view rendering. Explicitly configure spring.jpa.open-in-view to disable this warning
2025-02-21 17:04:21,339 INFO [main] c.e.a.AgriculturePredictorApplicationTests [StartupInfoLogger.java:59] Started AgriculturePredictorApplicationTests in 2.692 seconds (process running for 3.333)
2025-02-21 17:04:22,078 INFO [SpringApplicationShutdownHook] o.s.o.j.LocalContainerEntityManagerFactoryBean [AbstractEntityManagerFactoryBean.java:660] Closing JPA EntityManagerFactory for persistence unit 'default'
2025-02-21 17:04:22,080 INFO [SpringApplicationShutdownHook] c.z.h.HikariDataSource [HikariDataSource.java:349] HikariPool-1 - Shutdown initiated...
2025-02-21 17:04:22,083 INFO [SpringApplicationShutdownHook] c.z.h.HikariDataSource [HikariDataSource.java:351] HikariPool-1 - Shutdown completed.
2025-02-21 17:04:25,691 INFO [main] c.e.a.AgriculturePredictorApplication [StartupInfoLogger.java:53] Starting AgriculturePredictorApplication using Java 21.0.4 with PID 13432 (C:\Projects\AgricultureDataWebTool\api\agriculture-predictor\target\classes started by rober in C:\Projects\AgricultureDataWebTool\api\agriculture-predictor)
2025-02-21 17:04:25,692 INFO [main] c.e.a.AgriculturePredictorApplication [SpringApplication.java:652] No active profile set, falling back to 1 default profile: "default"
2025-02-21 17:04:25,914 INFO [main] o.s.d.r.c.RepositoryConfigurationDelegate [RepositoryConfigurationDelegate.java:143] Bootstrapping Spring Data JPA repositories in DEFAULT mode.
2025-02-21 17:04:25,933 INFO [main] o.s.d.r.c.RepositoryConfigurationDelegate [RepositoryConfigurationDelegate.java:211] Finished Spring Data repository scanning in 14 ms. Found 1 JPA repository interface.
2025-02-21 17:04:26,255 INFO [main] o.s.b.w.e.t.TomcatWebServer [TomcatWebServer.java:111] Tomcat initialized with port 8080 (http)
2025-02-21 17:04:26,261 INFO [main] o.a.c.h.Http11NioProtocol [DirectJDKLog.java:173] Initializing ProtocolHandler ["http-nio-8080"]
2025-02-21 17:04:26,263 INFO [main] o.a.c.c.StandardService [DirectJDKLog.java:173] Starting service [Tomcat]
2025-02-21 17:04:26,263 INFO [main] o.a.c.c.StandardEngine [DirectJDKLog.java:173] Starting Servlet engine: [Apache Tomcat/10.1.36]
2025-02-21 17:04:26,289 INFO [main] o.a.c.c.C.[.[.[/] [DirectJDKLog.java:173] Initializing Spring embedded WebApplicationContext
2025-02-21 17:04:26,289 INFO [main] o.s.b.w.s.c.ServletWebServerApplicationContext [ServletWebServerApplicationContext.java:301] Root WebApplicationContext: initialization completed in 578 ms
2025-02-21 17:04:26,338 INFO [main] o.h.j.i.u.LogHelper [LogHelper.java:31] HHH000204: Processing PersistenceUnitInfo [name: default]
2025-02-21 17:04:26,367 INFO [main] o.h.Version [Version.java:44] HHH000412: Hibernate ORM core version 7.0.0.Beta1
2025-02-21 17:04:26,549 INFO [main] o.s.o.j.p.SpringPersistenceUnitInfo [SpringPersistenceUnitInfo.java:87] No LoadTimeWeaver setup: ignoring JPA class transformer
2025-02-21 17:04:26,654 INFO [main] c.z.h.HikariDataSource [HikariDataSource.java:109] HikariPool-1 - Starting...
2025-02-21 17:04:26,712 INFO [main] c.z.h.p.HikariPool [HikariPool.java:554] HikariPool-1 - Added connection org.sqlite.jdbc4.JDBC4Connection@6b030101
2025-02-21 17:04:26,713 INFO [main] c.z.h.HikariDataSource [HikariDataSource.java:122] HikariPool-1 - Start completed.
2025-02-21 17:04:26,738 INFO [main] o.h.o.c.pooling [JdbcEnvironmentInitiator.java:169] HHH10001005: Database info:
	Database JDBC URL [Connecting through datasourcenull]
	Database driver: undefined/unknown
	Database version: 3.25.2
	Autocommit mode: undefined/unknown
	Isolation level: undefined/unknown
	Minimum pool size: undefined/unknown
	Maximum pool size: undefined/unknown
2025-02-21 17:04:27,162 INFO [main] o.h.e.t.j.p.i.JtaPlatformInitiator [JtaPlatformInitiator.java:59] HHH000489: No JTA platform available (set 'hibernate.transaction.jta.platform' to enable JTA platform integration)
2025-02-21 17:04:27,183 INFO [main] o.s.o.j.LocalContainerEntityManagerFactoryBean [AbstractEntityManagerFactoryBean.java:447] Initialized JPA EntityManagerFactory for persistence unit 'default'
2025-02-21 17:04:27,327 WARN [main] o.s.b.a.o.j.JpaBaseConfiguration$JpaWebConfiguration [JpaBaseConfiguration.java:241] spring.jpa.open-in-view is enabled by default. Therefore, database queries may be performed during view rendering. Explicitly configure spring.jpa.open-in-view to disable this warning
2025-02-21 17:04:27,620 INFO [main] o.a.c.h.Http11NioProtocol [DirectJDKLog.java:173] Starting ProtocolHandler ["http-nio-8080"]
2025-02-21 17:04:27,633 INFO [main] o.s.b.w.e.t.TomcatWebServer [TomcatWebServer.java:243] Tomcat started on port 8080 (http) with context path '/'
2025-02-21 17:04:27,637 INFO [main] c.e.a.AgriculturePredictorApplication [StartupInfoLogger.java:59] Started AgriculturePredictorApplication in 2.114 seconds (process running for 2.398)
2025-02-21 17:04:51,007 INFO [SpringApplicationShutdownHook] o.s.b.w.e.t.GracefulShutdown [GracefulShutdown.java:54] Commencing graceful shutdown. Waiting for active requests to complete
2025-02-21 17:04:51,012 INFO [tomcat-shutdown] o.s.b.w.e.t.GracefulShutdown [GracefulShutdown.java:76] Graceful shutdown complete
2025-02-21 17:04:51,014 INFO [SpringApplicationShutdownHook] o.s.o.j.LocalContainerEntityManagerFactoryBean [AbstractEntityManagerFactoryBean.java:660] Closing JPA EntityManagerFactory for persistence unit 'default'
2025-02-21 17:04:51,014 INFO [SpringApplicationShutdownHook] c.z.h.HikariDataSource [HikariDataSource.java:349] HikariPool-1 - Shutdown initiated...
2025-02-21 17:04:51,015 INFO [SpringApplicationShutdownHook] c.z.h.HikariDataSource [HikariDataSource.java:351] HikariPool-1 - Shutdown completed.
2025-02-21 17:14:10,736 INFO [main] c.e.a.AgriculturePredictorApplication [StartupInfoLogger.java:53] Starting AgriculturePredictorApplication using Java 21.0.4 with PID 46756 (C:\Projects\AgricultureDataWebTool\api\agriculture-predictor\target\classes started by rober in C:\Projects\AgricultureDataWebTool\api\agriculture-predictor)
2025-02-21 17:14:10,737 INFO [main] c.e.a.AgriculturePredictorApplication [SpringApplication.java:652] No active profile set, falling back to 1 default profile: "default"
2025-02-21 17:14:10,961 INFO [main] o.s.d.r.c.RepositoryConfigurationDelegate [RepositoryConfigurationDelegate.java:143] Bootstrapping Spring Data JPA repositories in DEFAULT mode.
2025-02-21 17:14:10,981 INFO [main] o.s.d.r.c.RepositoryConfigurationDelegate [RepositoryConfigurationDelegate.java:211] Finished Spring Data repository scanning in 14 ms. Found 1 JPA repository interface.
2025-02-21 17:14:11,299 INFO [main] o.s.b.w.e.t.TomcatWebServer [TomcatWebServer.java:111] Tomcat initialized with port 8080 (http)
2025-02-21 17:14:11,304 INFO [main] o.a.c.h.Http11NioProtocol [DirectJDKLog.java:173] Initializing ProtocolHandler ["http-nio-8080"]
2025-02-21 17:14:11,305 INFO [main] o.a.c.c.StandardService [DirectJDKLog.java:173] Starting service [Tomcat]
2025-02-21 17:14:11,305 INFO [main] o.a.c.c.StandardEngine [DirectJDKLog.java:173] Starting Servlet engine: [Apache Tomcat/10.1.36]
2025-02-21 17:14:11,331 INFO [main] o.a.c.c.C.[.[.[/] [DirectJDKLog.java:173] Initializing Spring embedded WebApplicationContext
2025-02-21 17:14:11,331 INFO [main] o.s.b.w.s.c.ServletWebServerApplicationContext [ServletWebServerApplicationContext.java:301] Root WebApplicationContext: initialization completed in 574 ms
2025-02-21 17:14:11,380 INFO [main] o.h.j.i.u.LogHelper [LogHelper.java:31] HHH000204: Processing PersistenceUnitInfo [name: default]
2025-02-21 17:14:11,412 INFO [main] o.h.Version [Version.java:44] HHH000412: Hibernate ORM core version 7.0.0.Beta1
2025-02-21 17:14:11,587 INFO [main] o.s.o.j.p.SpringPersistenceUnitInfo [SpringPersistenceUnitInfo.java:87] No LoadTimeWeaver setup: ignoring JPA class transformer
2025-02-21 17:14:11,689 INFO [main] c.z.h.HikariDataSource [HikariDataSource.java:109] HikariPool-1 - Starting...
2025-02-21 17:14:11,777 INFO [main] c.z.h.p.HikariPool [HikariPool.java:554] HikariPool-1 - Added connection org.sqlite.jdbc4.JDBC4Connection@2fa879ed
2025-02-21 17:14:11,778 INFO [main] c.z.h.HikariDataSource [HikariDataSource.java:122] HikariPool-1 - Start completed.
2025-02-21 17:14:11,802 INFO [main] o.h.o.c.pooling [JdbcEnvironmentInitiator.java:169] HHH10001005: Database info:
	Database JDBC URL [Connecting through datasourcenull]
	Database driver: undefined/unknown
	Database version: 3.25.2
	Autocommit mode: undefined/unknown
	Isolation level: undefined/unknown
	Minimum pool size: undefined/unknown
	Maximum pool size: undefined/unknown
2025-02-21 17:14:12,168 INFO [main] o.h.e.t.j.p.i.JtaPlatformInitiator [JtaPlatformInitiator.java:59] HHH000489: No JTA platform available (set 'hibernate.transaction.jta.platform' to enable JTA platform integration)
2025-02-21 17:14:12,183 INFO [main] o.s.o.j.LocalContainerEntityManagerFactoryBean [AbstractEntityManagerFactoryBean.java:447] Initialized JPA EntityManagerFactory for persistence unit 'default'
2025-02-21 17:14:12,301 WARN [main] o.s.b.a.o.j.JpaBaseConfiguration$JpaWebConfiguration [JpaBaseConfiguration.java:241] spring.jpa.open-in-view is enabled by default. Therefore, database queries may be performed during view rendering. Explicitly configure spring.jpa.open-in-view to disable this warning
2025-02-21 17:14:12,582 INFO [main] o.a.c.h.Http11NioProtocol [DirectJDKLog.java:173] Starting ProtocolHandler ["http-nio-8080"]
2025-02-21 17:14:12,594 INFO [main] o.s.b.w.e.t.TomcatWebServer [TomcatWebServer.java:243] Tomcat started on port 8080 (http) with context path '/'
2025-02-21 17:14:12,598 INFO [main] c.e.a.AgriculturePredictorApplication [StartupInfoLogger.java:59] Started AgriculturePredictorApplication in 2.039 seconds (process running for 2.326)
2025-02-21 17:15:20,967 INFO [http-nio-8080-exec-1] o.a.c.c.C.[.[.[/] [DirectJDKLog.java:173] Initializing Spring DispatcherServlet 'dispatcherServlet'
2025-02-21 17:15:20,967 INFO [http-nio-8080-exec-1] o.s.w.s.DispatcherServlet [FrameworkServlet.java:532] Initializing Servlet 'dispatcherServlet'
2025-02-21 17:15:20,968 INFO [http-nio-8080-exec-1] o.s.w.s.DispatcherServlet [FrameworkServlet.java:554] Completed initialization in 1 ms
2025-02-21 17:17:55,765 INFO [SpringApplicationShutdownHook] o.s.b.w.e.t.GracefulShutdown [GracefulShutdown.java:54] Commencing graceful shutdown. Waiting for active requests to complete
2025-02-21 17:17:55,769 INFO [tomcat-shutdown] o.s.b.w.e.t.GracefulShutdown [GracefulShutdown.java:76] Graceful shutdown complete
2025-02-21 17:17:55,771 INFO [SpringApplicationShutdownHook] o.s.o.j.LocalContainerEntityManagerFactoryBean [AbstractEntityManagerFactoryBean.java:660] Closing JPA EntityManagerFactory for persistence unit 'default'
2025-02-21 17:17:55,771 INFO [SpringApplicationShutdownHook] c.z.h.HikariDataSource [HikariDataSource.java:349] HikariPool-1 - Shutdown initiated...
2025-02-21 17:17:55,772 INFO [SpringApplicationShutdownHook] c.z.h.HikariDataSource [HikariDataSource.java:351] HikariPool-1 - Shutdown completed.
2025-02-21 17:18:37,359 INFO [main] c.e.a.AgriculturePredictorApplication [StartupInfoLogger.java:53] Starting AgriculturePredictorApplication using Java 21.0.4 with PID 44900 (C:\Projects\AgricultureDataWebTool\api\agriculture-predictor\target\classes started by rober in C:\Projects\AgricultureDataWebTool\api\agriculture-predictor)
2025-02-21 17:18:37,359 INFO [main] c.e.a.AgriculturePredictorApplication [SpringApplication.java:652] No active profile set, falling back to 1 default profile: "default"
2025-02-21 17:18:37,585 INFO [main] o.s.d.r.c.RepositoryConfigurationDelegate [RepositoryConfigurationDelegate.java:143] Bootstrapping Spring Data JPA repositories in DEFAULT mode.
2025-02-21 17:18:37,605 INFO [main] o.s.d.r.c.RepositoryConfigurationDelegate [RepositoryConfigurationDelegate.java:211] Finished Spring Data repository scanning in 15 ms. Found 1 JPA repository interface.
2025-02-21 17:18:37,921 INFO [main] o.s.b.w.e.t.TomcatWebServer [TomcatWebServer.java:111] Tomcat initialized with port 8080 (http)
2025-02-21 17:18:37,933 INFO [main] o.a.c.h.Http11NioProtocol [DirectJDKLog.java:173] Initializing ProtocolHandler ["http-nio-8080"]
2025-02-21 17:18:37,935 INFO [main] o.a.c.c.StandardService [DirectJDKLog.java:173] Starting service [Tomcat]
2025-02-21 17:18:37,935 INFO [main] o.a.c.c.StandardEngine [DirectJDKLog.java:173] Starting Servlet engine: [Apache Tomcat/10.1.36]
2025-02-21 17:18:37,961 INFO [main] o.a.c.c.C.[.[.[/] [DirectJDKLog.java:173] Initializing Spring embedded WebApplicationContext
2025-02-21 17:18:37,961 INFO [main] o.s.b.w.s.c.ServletWebServerApplicationContext [ServletWebServerApplicationContext.java:301] Root WebApplicationContext: initialization completed in 583 ms
2025-02-21 17:18:38,009 INFO [main] o.h.j.i.u.LogHelper [LogHelper.java:31] HHH000204: Processing PersistenceUnitInfo [name: default]
2025-02-21 17:18:38,038 INFO [main] o.h.Version [Version.java:44] HHH000412: Hibernate ORM core version 7.0.0.Beta1
2025-02-21 17:18:38,207 INFO [main] o.s.o.j.p.SpringPersistenceUnitInfo [SpringPersistenceUnitInfo.java:87] No LoadTimeWeaver setup: ignoring JPA class transformer
2025-02-21 17:18:38,305 INFO [main] c.z.h.HikariDataSource [HikariDataSource.java:109] HikariPool-1 - Starting...
2025-02-21 17:18:38,359 INFO [main] c.z.h.p.HikariPool [HikariPool.java:554] HikariPool-1 - Added connection org.sqlite.jdbc4.JDBC4Connection@66a472b9
2025-02-21 17:18:38,360 INFO [main] c.z.h.HikariDataSource [HikariDataSource.java:122] HikariPool-1 - Start completed.
2025-02-21 17:18:38,383 INFO [main] o.h.o.c.pooling [JdbcEnvironmentInitiator.java:169] HHH10001005: Database info:
	Database JDBC URL [Connecting through datasourcenull]
	Database driver: undefined/unknown
	Database version: 3.25.2
	Autocommit mode: undefined/unknown
	Isolation level: undefined/unknown
	Minimum pool size: undefined/unknown
	Maximum pool size: undefined/unknown
2025-02-21 17:18:38,752 INFO [main] o.h.e.t.j.p.i.JtaPlatformInitiator [JtaPlatformInitiator.java:59] HHH000489: No JTA platform available (set 'hibernate.transaction.jta.platform' to enable JTA platform integration)
2025-02-21 17:18:38,770 INFO [main] o.s.o.j.LocalContainerEntityManagerFactoryBean [AbstractEntityManagerFactoryBean.java:447] Initialized JPA EntityManagerFactory for persistence unit 'default'
2025-02-21 17:18:38,891 WARN [main] o.s.b.a.o.j.JpaBaseConfiguration$JpaWebConfiguration [JpaBaseConfiguration.java:241] spring.jpa.open-in-view is enabled by default. Therefore, database queries may be performed during view rendering. Explicitly configure spring.jpa.open-in-view to disable this warning
2025-02-21 17:18:39,168 INFO [main] o.a.c.h.Http11NioProtocol [DirectJDKLog.java:173] Starting ProtocolHandler ["http-nio-8080"]
2025-02-21 17:18:39,178 INFO [main] o.s.b.w.e.t.TomcatWebServer [TomcatWebServer.java:243] Tomcat started on port 8080 (http) with context path '/'
2025-02-21 17:18:39,182 INFO [main] c.e.a.AgriculturePredictorApplication [StartupInfoLogger.java:59] Started AgriculturePredictorApplication in 1.994 seconds (process running for 2.277)
2025-02-21 17:18:51,257 INFO [http-nio-8080-exec-1] o.a.c.c.C.[.[.[/] [DirectJDKLog.java:173] Initializing Spring DispatcherServlet 'dispatcherServlet'
2025-02-21 17:18:51,257 INFO [http-nio-8080-exec-1] o.s.w.s.DispatcherServlet [FrameworkServlet.java:532] Initializing Servlet 'dispatcherServlet'
2025-02-21 17:18:51,258 INFO [http-nio-8080-exec-1] o.s.w.s.DispatcherServlet [FrameworkServlet.java:554] Completed initialization in 1 ms
2025-02-21 17:20:43,770 INFO [SpringApplicationShutdownHook] o.s.b.w.e.t.GracefulShutdown [GracefulShutdown.java:54] Commencing graceful shutdown. Waiting for active requests to complete
2025-02-21 17:20:43,774 INFO [tomcat-shutdown] o.s.b.w.e.t.GracefulShutdown [GracefulShutdown.java:76] Graceful shutdown complete
2025-02-21 17:20:43,776 INFO [SpringApplicationShutdownHook] o.s.o.j.LocalContainerEntityManagerFactoryBean [AbstractEntityManagerFactoryBean.java:660] Closing JPA EntityManagerFactory for persistence unit 'default'
2025-02-21 17:20:43,777 INFO [SpringApplicationShutdownHook] c.z.h.HikariDataSource [HikariDataSource.java:349] HikariPool-1 - Shutdown initiated...
2025-02-21 17:20:43,778 INFO [SpringApplicationShutdownHook] c.z.h.HikariDataSource [HikariDataSource.java:351] HikariPool-1 - Shutdown completed.
2025-02-21 17:20:48,486 INFO [main] c.e.a.AgriculturePredictorApplication [StartupInfoLogger.java:53] Starting AgriculturePredictorApplication using Java 21.0.4 with PID 32616 (C:\Projects\AgricultureDataWebTool\api\agriculture-predictor\target\classes started by rober in C:\Projects\AgricultureDataWebTool\api\agriculture-predictor)
2025-02-21 17:20:48,487 INFO [main] c.e.a.AgriculturePredictorApplication [SpringApplication.java:652] No active profile set, falling back to 1 default profile: "default"
2025-02-21 17:20:48,708 INFO [main] o.s.d.r.c.RepositoryConfigurationDelegate [RepositoryConfigurationDelegate.java:143] Bootstrapping Spring Data JPA repositories in DEFAULT mode.
2025-02-21 17:20:48,725 INFO [main] o.s.d.r.c.RepositoryConfigurationDelegate [RepositoryConfigurationDelegate.java:211] Finished Spring Data repository scanning in 14 ms. Found 1 JPA repository interface.
2025-02-21 17:20:49,046 INFO [main] o.s.b.w.e.t.TomcatWebServer [TomcatWebServer.java:111] Tomcat initialized with port 8080 (http)
2025-02-21 17:20:49,052 INFO [main] o.a.c.h.Http11NioProtocol [DirectJDKLog.java:173] Initializing ProtocolHandler ["http-nio-8080"]
2025-02-21 17:20:49,054 INFO [main] o.a.c.c.StandardService [DirectJDKLog.java:173] Starting service [Tomcat]
2025-02-21 17:20:49,054 INFO [main] o.a.c.c.StandardEngine [DirectJDKLog.java:173] Starting Servlet engine: [Apache Tomcat/10.1.36]
2025-02-21 17:20:49,079 INFO [main] o.a.c.c.C.[.[.[/] [DirectJDKLog.java:173] Initializing Spring embedded WebApplicationContext
2025-02-21 17:20:49,080 INFO [main] o.s.b.w.s.c.ServletWebServerApplicationContext [ServletWebServerApplicationContext.java:301] Root WebApplicationContext: initialization completed in 573 ms
2025-02-21 17:20:49,128 INFO [main] o.h.j.i.u.LogHelper [LogHelper.java:31] HHH000204: Processing PersistenceUnitInfo [name: default]
2025-02-21 17:20:49,157 INFO [main] o.h.Version [Version.java:44] HHH000412: Hibernate ORM core version 7.0.0.Beta1
2025-02-21 17:20:49,335 INFO [main] o.s.o.j.p.SpringPersistenceUnitInfo [SpringPersistenceUnitInfo.java:87] No LoadTimeWeaver setup: ignoring JPA class transformer
2025-02-21 17:20:49,433 INFO [main] c.z.h.HikariDataSource [HikariDataSource.java:109] HikariPool-1 - Starting...
2025-02-21 17:20:49,488 INFO [main] c.z.h.p.HikariPool [HikariPool.java:554] HikariPool-1 - Added connection org.sqlite.jdbc4.JDBC4Connection@dbc7e0a
2025-02-21 17:20:49,489 INFO [main] c.z.h.HikariDataSource [HikariDataSource.java:122] HikariPool-1 - Start completed.
2025-02-21 17:20:49,513 INFO [main] o.h.o.c.pooling [JdbcEnvironmentInitiator.java:169] HHH10001005: Database info:
	Database JDBC URL [Connecting through datasourcenull]
	Database driver: undefined/unknown
	Database version: 3.25.2
	Autocommit mode: undefined/unknown
	Isolation level: undefined/unknown
	Minimum pool size: undefined/unknown
	Maximum pool size: undefined/unknown
2025-02-21 17:20:49,885 INFO [main] o.h.e.t.j.p.i.JtaPlatformInitiator [JtaPlatformInitiator.java:59] HHH000489: No JTA platform available (set 'hibernate.transaction.jta.platform' to enable JTA platform integration)
2025-02-21 17:20:49,901 INFO [main] o.s.o.j.LocalContainerEntityManagerFactoryBean [AbstractEntityManagerFactoryBean.java:447] Initialized JPA EntityManagerFactory for persistence unit 'default'
2025-02-21 17:20:50,025 WARN [main] o.s.b.a.o.j.JpaBaseConfiguration$JpaWebConfiguration [JpaBaseConfiguration.java:241] spring.jpa.open-in-view is enabled by default. Therefore, database queries may be performed during view rendering. Explicitly configure spring.jpa.open-in-view to disable this warning
2025-02-21 17:20:50,312 INFO [main] o.a.c.h.Http11NioProtocol [DirectJDKLog.java:173] Starting ProtocolHandler ["http-nio-8080"]
2025-02-21 17:20:50,322 INFO [main] o.s.b.w.e.t.TomcatWebServer [TomcatWebServer.java:243] Tomcat started on port 8080 (http) with context path '/'
2025-02-21 17:20:50,326 INFO [main] c.e.a.AgriculturePredictorApplication [StartupInfoLogger.java:59] Started AgriculturePredictorApplication in 2.015 seconds (process running for 2.301)
2025-02-21 17:20:56,754 INFO [SpringApplicationShutdownHook] o.s.b.w.e.t.GracefulShutdown [GracefulShutdown.java:54] Commencing graceful shutdown. Waiting for active requests to complete
2025-02-21 17:20:56,758 INFO [tomcat-shutdown] o.s.b.w.e.t.GracefulShutdown [GracefulShutdown.java:76] Graceful shutdown complete
2025-02-21 17:20:56,760 INFO [SpringApplicationShutdownHook] o.s.o.j.LocalContainerEntityManagerFactoryBean [AbstractEntityManagerFactoryBean.java:660] Closing JPA EntityManagerFactory for persistence unit 'default'
2025-02-21 17:20:56,760 INFO [SpringApplicationShutdownHook] c.z.h.HikariDataSource [HikariDataSource.java:349] HikariPool-1 - Shutdown initiated...
2025-02-21 17:20:56,762 INFO [SpringApplicationShutdownHook] c.z.h.HikariDataSource [HikariDataSource.java:351] HikariPool-1 - Shutdown completed.
2025-02-21 17:21:01,866 INFO [main] c.e.a.AgriculturePredictorApplication [StartupInfoLogger.java:53] Starting AgriculturePredictorApplication using Java 21.0.4 with PID 48008 (C:\Projects\AgricultureDataWebTool\api\agriculture-predictor\target\classes started by rober in C:\Projects\AgricultureDataWebTool\api\agriculture-predictor)
2025-02-21 17:21:01,867 INFO [main] c.e.a.AgriculturePredictorApplication [SpringApplication.java:652] No active profile set, falling back to 1 default profile: "default"
2025-02-21 17:21:02,092 INFO [main] o.s.d.r.c.RepositoryConfigurationDelegate [RepositoryConfigurationDelegate.java:143] Bootstrapping Spring Data JPA repositories in DEFAULT mode.
2025-02-21 17:21:02,109 INFO [main] o.s.d.r.c.RepositoryConfigurationDelegate [RepositoryConfigurationDelegate.java:211] Finished Spring Data repository scanning in 13 ms. Found 1 JPA repository interface.
2025-02-21 17:21:02,422 INFO [main] o.s.b.w.e.t.TomcatWebServer [TomcatWebServer.java:111] Tomcat initialized with port 8080 (http)
2025-02-21 17:21:02,431 INFO [main] o.a.c.h.Http11NioProtocol [DirectJDKLog.java:173] Initializing ProtocolHandler ["http-nio-8080"]
2025-02-21 17:21:02,434 INFO [main] o.a.c.c.StandardService [DirectJDKLog.java:173] Starting service [Tomcat]
2025-02-21 17:21:02,435 INFO [main] o.a.c.c.StandardEngine [DirectJDKLog.java:173] Starting Servlet engine: [Apache Tomcat/10.1.36]
2025-02-21 17:21:02,464 INFO [main] o.a.c.c.C.[.[.[/] [DirectJDKLog.java:173] Initializing Spring embedded WebApplicationContext
2025-02-21 17:21:02,464 INFO [main] o.s.b.w.s.c.ServletWebServerApplicationContext [ServletWebServerApplicationContext.java:301] Root WebApplicationContext: initialization completed in 578 ms
2025-02-21 17:21:02,512 INFO [main] o.h.j.i.u.LogHelper [LogHelper.java:31] HHH000204: Processing PersistenceUnitInfo [name: default]
2025-02-21 17:21:02,541 INFO [main] o.h.Version [Version.java:44] HHH000412: Hibernate ORM core version 7.0.0.Beta1
2025-02-21 17:21:02,715 INFO [main] o.s.o.j.p.SpringPersistenceUnitInfo [SpringPersistenceUnitInfo.java:87] No LoadTimeWeaver setup: ignoring JPA class transformer
2025-02-21 17:21:02,818 INFO [main] c.z.h.HikariDataSource [HikariDataSource.java:109] HikariPool-1 - Starting...
2025-02-21 17:21:02,874 INFO [main] c.z.h.p.HikariPool [HikariPool.java:554] HikariPool-1 - Added connection org.sqlite.jdbc4.JDBC4Connection@48d5ca17
2025-02-21 17:21:02,875 INFO [main] c.z.h.HikariDataSource [HikariDataSource.java:122] HikariPool-1 - Start completed.
2025-02-21 17:21:02,899 INFO [main] o.h.o.c.pooling [JdbcEnvironmentInitiator.java:169] HHH10001005: Database info:
	Database JDBC URL [Connecting through datasourcenull]
	Database driver: undefined/unknown
	Database version: 3.25.2
	Autocommit mode: undefined/unknown
	Isolation level: undefined/unknown
	Minimum pool size: undefined/unknown
	Maximum pool size: undefined/unknown
2025-02-21 17:21:03,303 INFO [main] o.h.e.t.j.p.i.JtaPlatformInitiator [JtaPlatformInitiator.java:59] HHH000489: No JTA platform available (set 'hibernate.transaction.jta.platform' to enable JTA platform integration)
2025-02-21 17:21:03,320 INFO [main] o.s.o.j.LocalContainerEntityManagerFactoryBean [AbstractEntityManagerFactoryBean.java:447] Initialized JPA EntityManagerFactory for persistence unit 'default'
2025-02-21 17:21:03,445 WARN [main] o.s.b.a.o.j.JpaBaseConfiguration$JpaWebConfiguration [JpaBaseConfiguration.java:241] spring.jpa.open-in-view is enabled by default. Therefore, database queries may be performed during view rendering. Explicitly configure spring.jpa.open-in-view to disable this warning
2025-02-21 17:21:03,715 INFO [main] o.a.c.h.Http11NioProtocol [DirectJDKLog.java:173] Starting ProtocolHandler ["http-nio-8080"]
2025-02-21 17:21:03,725 INFO [main] o.s.b.w.e.t.TomcatWebServer [TomcatWebServer.java:243] Tomcat started on port 8080 (http) with context path '/'
2025-02-21 17:21:03,729 INFO [main] c.e.a.AgriculturePredictorApplication [StartupInfoLogger.java:59] Started AgriculturePredictorApplication in 2.035 seconds (process running for 2.319)
2025-02-21 17:21:08,337 INFO [http-nio-8080-exec-1] o.a.c.c.C.[.[.[/] [DirectJDKLog.java:173] Initializing Spring DispatcherServlet 'dispatcherServlet'
2025-02-21 17:21:08,337 INFO [http-nio-8080-exec-1] o.s.w.s.DispatcherServlet [FrameworkServlet.java:532] Initializing Servlet 'dispatcherServlet'
2025-02-21 17:21:08,339 INFO [http-nio-8080-exec-1] o.s.w.s.DispatcherServlet [FrameworkServlet.java:554] Completed initialization in 2 ms
2025-02-21 17:22:04,103 INFO [SpringApplicationShutdownHook] o.s.b.w.e.t.GracefulShutdown [GracefulShutdown.java:54] Commencing graceful shutdown. Waiting for active requests to complete
2025-02-21 17:22:04,107 INFO [tomcat-shutdown] o.s.b.w.e.t.GracefulShutdown [GracefulShutdown.java:76] Graceful shutdown complete
2025-02-21 17:22:04,109 INFO [SpringApplicationShutdownHook] o.s.o.j.LocalContainerEntityManagerFactoryBean [AbstractEntityManagerFactoryBean.java:660] Closing JPA EntityManagerFactory for persistence unit 'default'
2025-02-21 17:22:04,110 INFO [SpringApplicationShutdownHook] c.z.h.HikariDataSource [HikariDataSource.java:349] HikariPool-1 - Shutdown initiated...
2025-02-21 17:22:04,111 INFO [SpringApplicationShutdownHook] c.z.h.HikariDataSource [HikariDataSource.java:351] HikariPool-1 - Shutdown completed.
2025-02-21 17:22:09,700 INFO [main] c.e.a.AgriculturePredictorApplication [StartupInfoLogger.java:53] Starting AgriculturePredictorApplication using Java 21.0.4 with PID 40476 (C:\Projects\AgricultureDataWebTool\api\agriculture-predictor\target\classes started by rober in C:\Projects\AgricultureDataWebTool\api\agriculture-predictor)
2025-02-21 17:22:09,701 INFO [main] c.e.a.AgriculturePredictorApplication [SpringApplication.java:652] No active profile set, falling back to 1 default profile: "default"
2025-02-21 17:22:09,918 INFO [main] o.s.d.r.c.RepositoryConfigurationDelegate [RepositoryConfigurationDelegate.java:143] Bootstrapping Spring Data JPA repositories in DEFAULT mode.
2025-02-21 17:22:09,937 INFO [main] o.s.d.r.c.RepositoryConfigurationDelegate [RepositoryConfigurationDelegate.java:211] Finished Spring Data repository scanning in 14 ms. Found 1 JPA repository interface.
2025-02-21 17:22:10,255 INFO [main] o.s.b.w.e.t.TomcatWebServer [TomcatWebServer.java:111] Tomcat initialized with port 8080 (http)
2025-02-21 17:22:10,261 INFO [main] o.a.c.h.Http11NioProtocol [DirectJDKLog.java:173] Initializing ProtocolHandler ["http-nio-8080"]
2025-02-21 17:22:10,262 INFO [main] o.a.c.c.StandardService [DirectJDKLog.java:173] Starting service [Tomcat]
2025-02-21 17:22:10,262 INFO [main] o.a.c.c.StandardEngine [DirectJDKLog.java:173] Starting Servlet engine: [Apache Tomcat/10.1.36]
2025-02-21 17:22:10,289 INFO [main] o.a.c.c.C.[.[.[/] [DirectJDKLog.java:173] Initializing Spring embedded WebApplicationContext
2025-02-21 17:22:10,289 INFO [main] o.s.b.w.s.c.ServletWebServerApplicationContext [ServletWebServerApplicationContext.java:301] Root WebApplicationContext: initialization completed in 569 ms
2025-02-21 17:22:10,339 INFO [main] o.h.j.i.u.LogHelper [LogHelper.java:31] HHH000204: Processing PersistenceUnitInfo [name: default]
2025-02-21 17:22:10,367 INFO [main] o.h.Version [Version.java:44] HHH000412: Hibernate ORM core version 7.0.0.Beta1
2025-02-21 17:22:10,539 INFO [main] o.s.o.j.p.SpringPersistenceUnitInfo [SpringPersistenceUnitInfo.java:87] No LoadTimeWeaver setup: ignoring JPA class transformer
2025-02-21 17:22:10,634 INFO [main] c.z.h.HikariDataSource [HikariDataSource.java:109] HikariPool-1 - Starting...
2025-02-21 17:22:10,706 INFO [main] c.z.h.p.HikariPool [HikariPool.java:554] HikariPool-1 - Added connection org.sqlite.jdbc4.JDBC4Connection@3fd5d679
2025-02-21 17:22:10,707 INFO [main] c.z.h.HikariDataSource [HikariDataSource.java:122] HikariPool-1 - Start completed.
2025-02-21 17:22:10,731 INFO [main] o.h.o.c.pooling [JdbcEnvironmentInitiator.java:169] HHH10001005: Database info:
	Database JDBC URL [Connecting through datasourcenull]
	Database driver: undefined/unknown
	Database version: 3.25.2
	Autocommit mode: undefined/unknown
	Isolation level: undefined/unknown
	Minimum pool size: undefined/unknown
	Maximum pool size: undefined/unknown
2025-02-21 17:22:11,099 INFO [main] o.h.e.t.j.p.i.JtaPlatformInitiator [JtaPlatformInitiator.java:59] HHH000489: No JTA platform available (set 'hibernate.transaction.jta.platform' to enable JTA platform integration)
2025-02-21 17:22:11,115 INFO [main] o.s.o.j.LocalContainerEntityManagerFactoryBean [AbstractEntityManagerFactoryBean.java:447] Initialized JPA EntityManagerFactory for persistence unit 'default'
2025-02-21 17:22:11,236 WARN [main] o.s.b.a.o.j.JpaBaseConfiguration$JpaWebConfiguration [JpaBaseConfiguration.java:241] spring.jpa.open-in-view is enabled by default. Therefore, database queries may be performed during view rendering. Explicitly configure spring.jpa.open-in-view to disable this warning
2025-02-21 17:22:11,521 INFO [main] o.a.c.h.Http11NioProtocol [DirectJDKLog.java:173] Starting ProtocolHandler ["http-nio-8080"]
2025-02-21 17:22:11,533 INFO [main] o.s.b.w.e.t.TomcatWebServer [TomcatWebServer.java:243] Tomcat started on port 8080 (http) with context path '/'
2025-02-21 17:22:11,536 INFO [main] c.e.a.AgriculturePredictorApplication [StartupInfoLogger.java:59] Started AgriculturePredictorApplication in 2.008 seconds (process running for 2.294)
2025-02-21 17:23:23,452 INFO [http-nio-8080-exec-1] o.a.c.c.C.[.[.[/] [DirectJDKLog.java:173] Initializing Spring DispatcherServlet 'dispatcherServlet'
2025-02-21 17:23:23,452 INFO [http-nio-8080-exec-1] o.s.w.s.DispatcherServlet [FrameworkServlet.java:532] Initializing Servlet 'dispatcherServlet'
2025-02-21 17:23:23,452 INFO [http-nio-8080-exec-1] o.s.w.s.DispatcherServlet [FrameworkServlet.java:554] Completed initialization in 0 ms
