2025-02-22 23:20:48,345 INFO [main] c.e.a.AgriculturePredictorApplication [StartupInfoLogger.java:53] Starting AgriculturePredictorApplication using Java 21.0.4 with PID 30656 (C:\Projects\AgricultureDataWebTool\api\agriculture-predictor\target\classes started by rober in C:\Projects\AgricultureDataWebTool\api\agriculture-predictor)
2025-02-22 23:20:48,347 INFO [main] c.e.a.AgriculturePredictorApplication [SpringApplication.java:652] No active profile set, falling back to 1 default profile: "default"
2025-02-22 23:20:48,571 INFO [main] o.s.d.r.c.RepositoryConfigurationDelegate [RepositoryConfigurationDelegate.java:143] Bootstrapping Spring Data JPA repositories in DEFAULT mode.
2025-02-22 23:20:48,590 INFO [main] o.s.d.r.c.RepositoryConfigurationDelegate [RepositoryConfigurationDelegate.java:211] Finished Spring Data repository scanning in 14 ms. Found 1 JPA repository interface.
2025-02-22 23:20:48,930 INFO [main] o.s.b.w.e.t.TomcatWebServer [TomcatWebServer.java:111] Tomcat initialized with port 8080 (http)
2025-02-22 23:20:48,936 INFO [main] o.a.c.h.Http11NioProtocol [DirectJDKLog.java:173] Initializing ProtocolHandler ["http-nio-8080"]
2025-02-22 23:20:48,938 INFO [main] o.a.c.c.StandardService [DirectJDKLog.java:173] Starting service [Tomcat]
2025-02-22 23:20:48,938 INFO [main] o.a.c.c.StandardEngine [DirectJDKLog.java:173] Starting Servlet engine: [Apache Tomcat/10.1.36]
2025-02-22 23:20:48,965 INFO [main] o.a.c.c.C.[.[.[/] [DirectJDKLog.java:173] Initializing Spring embedded WebApplicationContext
2025-02-22 23:20:48,965 INFO [main] o.s.b.w.s.c.ServletWebServerApplicationContext [ServletWebServerApplicationContext.java:301] Root WebApplicationContext: initialization completed in 598 ms
2025-02-22 23:20:49,015 INFO [main] o.h.j.i.u.LogHelper [LogHelper.java:31] HHH000204: Processing PersistenceUnitInfo [name: default]
2025-02-22 23:20:49,046 INFO [main] o.h.Version [Version.java:44] HHH000412: Hibernate ORM core version 7.0.0.Beta1
2025-02-22 23:20:49,221 INFO [main] o.s.o.j.p.SpringPersistenceUnitInfo [SpringPersistenceUnitInfo.java:87] No LoadTimeWeaver setup: ignoring JPA class transformer
2025-02-22 23:20:49,323 INFO [main] c.z.h.HikariDataSource [HikariDataSource.java:109] HikariPool-1 - Starting...
2025-02-22 23:20:49,379 INFO [main] c.z.h.p.HikariPool [HikariPool.java:554] HikariPool-1 - Added connection org.sqlite.jdbc4.JDBC4Connection@4d065e1a
2025-02-22 23:20:49,380 INFO [main] c.z.h.HikariDataSource [HikariDataSource.java:122] HikariPool-1 - Start completed.
2025-02-22 23:20:49,404 INFO [main] o.h.o.c.pooling [JdbcEnvironmentInitiator.java:169] HHH10001005: Database info:
	Database JDBC URL [Connecting through datasourcenull]
	Database driver: undefined/unknown
	Database version: 3.25.2
	Autocommit mode: undefined/unknown
	Isolation level: undefined/unknown
	Minimum pool size: undefined/unknown
	Maximum pool size: undefined/unknown
2025-02-22 23:20:49,778 INFO [main] o.h.e.t.j.p.i.JtaPlatformInitiator [JtaPlatformInitiator.java:59] HHH000489: No JTA platform available (set 'hibernate.transaction.jta.platform' to enable JTA platform integration)
2025-02-22 23:20:49,794 INFO [main] o.s.o.j.LocalContainerEntityManagerFactoryBean [AbstractEntityManagerFactoryBean.java:447] Initialized JPA EntityManagerFactory for persistence unit 'default'
2025-02-22 23:20:49,914 WARN [main] o.s.b.a.o.j.JpaBaseConfiguration$JpaWebConfiguration [JpaBaseConfiguration.java:241] spring.jpa.open-in-view is enabled by default. Therefore, database queries may be performed during view rendering. Explicitly configure spring.jpa.open-in-view to disable this warning
2025-02-22 23:20:50,185 INFO [main] o.a.c.h.Http11NioProtocol [DirectJDKLog.java:173] Starting ProtocolHandler ["http-nio-8080"]
2025-02-22 23:20:50,196 INFO [main] o.s.b.w.e.t.TomcatWebServer [TomcatWebServer.java:243] Tomcat started on port 8080 (http) with context path '/'
2025-02-22 23:20:50,200 INFO [main] c.e.a.AgriculturePredictorApplication [StartupInfoLogger.java:59] Started AgriculturePredictorApplication in 2.028 seconds (process running for 2.316)
2025-02-22 23:21:02,066 INFO [http-nio-8080-exec-1] o.a.c.c.C.[.[.[/] [DirectJDKLog.java:173] Initializing Spring DispatcherServlet 'dispatcherServlet'
2025-02-22 23:21:02,066 INFO [http-nio-8080-exec-1] o.s.w.s.DispatcherServlet [FrameworkServlet.java:532] Initializing Servlet 'dispatcherServlet'
2025-02-22 23:21:02,067 INFO [http-nio-8080-exec-1] o.s.w.s.DispatcherServlet [FrameworkServlet.java:554] Completed initialization in 0 ms
